<?xml version="1.0" encoding="UTF-8"?><testsuite errors="0" failures="0" name="Testing different request on the student application" skipped="0" tests="4" time="4.53" timestamp="2022-01-24T07:58:30.605Z[Europe/London]"><testcase name="Check if the student application can be accessed by users"/><testcase name="Create a new student &amp; verify if the student is added"/><testcase name="Check user can update student information and verify it"/><testcase name="Check user can delete student record and verify record is deleted"/></testsuite>